[debug] [2019-08-12T00:07:55.124Z] ----------------------------------------------------------------------
[debug] [2019-08-12T00:07:55.126Z] Command:       /home/gitpod/.nvm/versions/node/v12.8.0/bin/node /home/gitpod/.nvm/versions/node/v12.8.0/bin/firebase login
[debug] [2019-08-12T00:07:55.127Z] CLI Version:   7.2.2
[debug] [2019-08-12T00:07:55.127Z] Platform:      linux
[debug] [2019-08-12T00:07:55.127Z] Node Version:  v12.8.0
[debug] [2019-08-12T00:07:55.127Z] Time:          Mon Aug 12 2019 00:07:55 GMT+0000 (Coordinated Universal Time)
[debug] [2019-08-12T00:07:55.127Z] ----------------------------------------------------------------------
[debug] 
[info] 
[info] Visit this URL on any device to log in:
[info] https://accounts.google.com/o/oauth2/auth?client_id=563584335869-fgrhgmd47bqnekij5i8b5pr03ho849e6.apps.googleusercontent.com&scope=email%20openid%20https%3A%2F%2Fwww.googleapis.com%2Fauth%2Fcloudplatformprojects.readonly%20https%3A%2F%2Fwww.googleapis.com%2Fauth%2Ffirebase%20https%3A%2F%2Fwww.googleapis.com%2Fauth%2Fcloud-platform&response_type=code&state=417018421&redirect_uri=http%3A%2F%2Flocalhost%3A9005
[info] 
[info] Waiting for authentication...
[debug] [2019-08-12T00:08:28.725Z] ----------------------------------------------------------------------
[debug] [2019-08-12T00:08:28.728Z] Command:       /home/gitpod/.nvm/versions/node/v12.8.0/bin/node /home/gitpod/.nvm/versions/node/v12.8.0/bin/firebase login
[debug] [2019-08-12T00:08:28.728Z] CLI Version:   7.2.2
[debug] [2019-08-12T00:08:28.728Z] Platform:      linux
[debug] [2019-08-12T00:08:28.728Z] Node Version:  v12.8.0
[debug] [2019-08-12T00:08:28.728Z] Time:          Mon Aug 12 2019 00:08:28 GMT+0000 (Coordinated Universal Time)
[debug] [2019-08-12T00:08:28.728Z] ----------------------------------------------------------------------
[debug] 
[info] 
[info] Visit this URL on any device to log in:
[info] https://accounts.google.com/o/oauth2/auth?client_id=563584335869-fgrhgmd47bqnekij5i8b5pr03ho849e6.apps.googleusercontent.com&scope=email%20openid%20https%3A%2F%2Fwww.googleapis.com%2Fauth%2Fcloudplatformprojects.readonly%20https%3A%2F%2Fwww.googleapis.com%2Fauth%2Ffirebase%20https%3A%2F%2Fwww.googleapis.com%2Fauth%2Fcloud-platform&response_type=code&state=301814874&redirect_uri=http%3A%2F%2Flocalhost%3A9005
[info] 
[info] Waiting for authentication...
